This is pdfTeXk, Version 3.141592-1.40.3 (Web2C 7.5.6) (format=pdflatex 2013.4.14)  24 MAY 2013 23:07
entering extended mode
 %&-line parsing enabled.
**relatorio.tex
(./relatorio.tex
LaTeX2e <2005/12/01>
Babel <v3.8h> and hyphenation patterns for english, usenglishmax, dumylang, noh
yphenation, arabic, basque, bulgarian, coptic, welsh, czech, slovak, german, ng
erman, danish, esperanto, spanish, catalan, galician, estonian, farsi, finnish,
 french, greek, monogreek, ancientgreek, croatian, hungarian, interlingua, ibyc
us, indonesian, icelandic, italian, latin, mongolian, dutch, norsk, polish, por
tuguese, pinyin, romanian, russian, slovenian, uppersorbian, serbian, swedish, 
turkish, ukenglish, ukrainian, loaded.
(/usr/share/texmf/tex/latex/base/article.cls
Document Class: article 2005/09/16 v1.4f Standard LaTeX document class
(/usr/share/texmf/tex/latex/base/size10.clo
File: size10.clo 2005/09/16 v1.4f Standard LaTeX file (size option)
)
\c@part=\count79
\c@section=\count80
\c@subsection=\count81
\c@subsubsection=\count82
\c@paragraph=\count83
\c@subparagraph=\count84
\c@figure=\count85
\c@table=\count86
\abovecaptionskip=\skip41
\belowcaptionskip=\skip42
\bibindent=\dimen102
)
(/usr/share/texmf/tex/generic/babel/babel.sty
Package: babel 2005/11/23 v3.8h The Babel package

(/usr/share/texmf/tex/generic/babel/portuges.ldf
Language: portuges 2005/03/31 v1.2p Portuguese support from the babel system

(/usr/share/texmf/tex/generic/babel/babel.def
File: babel.def 2005/11/23 v3.8h Babel common definitions
\babel@savecnt=\count87
\U@D=\dimen103
)
\l@brazil = a dialect from \language\l@portuges 
Package babel Info: Making " an active character on input line 145.
))
(/usr/share/texmf/tex/latex/base/inputenc.sty
Package: inputenc 2006/05/05 v1.1b Input encoding file
\inpenc@prehook=\toks14
\inpenc@posthook=\toks15

(/usr/share/texmf/tex/latex/base/utf8.def
File: utf8.def 2006/03/30 v1.1i UTF-8 support for inputenc
Now handling font encoding OML ...
... no UTF-8 mapping file for font encoding OML
Now handling font encoding T1 ...
... processing UTF-8 mapping file for font encodingT1

(/usr/share/texmf/tex/latex/base/t1enc.dfu
File: t1enc.dfu 2006/03/30 v1.1i UTF-8 support for inputenc
   defining Unicode char U+00A1 (decimal 161)
   defining Unicode char U+00A3 (decimal 163)
   defining Unicode char U+00AB (decimal 171)
   defining Unicode char U+00BB (decimal 187)
   defining Unicode char U+00BF (decimal 191)
   defining Unicode char U+00C0 (decimal 192)
   defining Unicode char U+00C1 (decimal 193)
   defining Unicode char U+00C2 (decimal 194)
   defining Unicode char U+00C3 (decimal 195)
   defining Unicode char U+00C4 (decimal 196)
   defining Unicode char U+00C5 (decimal 197)
   defining Unicode char U+00C6 (decimal 198)
   defining Unicode char U+00C7 (decimal 199)
   defining Unicode char U+00C8 (decimal 200)
   defining Unicode char U+00C9 (decimal 201)
   defining Unicode char U+00CA (decimal 202)
   defining Unicode char U+00CB (decimal 203)
   defining Unicode char U+00CC (decimal 204)
   defining Unicode char U+00CD (decimal 205)
   defining Unicode char U+00CE (decimal 206)
   defining Unicode char U+00CF (decimal 207)
   defining Unicode char U+00D0 (decimal 208)
   defining Unicode char U+00D1 (decimal 209)
   defining Unicode char U+00D2 (decimal 210)
   defining Unicode char U+00D3 (decimal 211)
   defining Unicode char U+00D4 (decimal 212)
   defining Unicode char U+00D5 (decimal 213)
   defining Unicode char U+00D6 (decimal 214)
   defining Unicode char U+00D8 (decimal 216)
   defining Unicode char U+00D9 (decimal 217)
   defining Unicode char U+00DA (decimal 218)
   defining Unicode char U+00DB (decimal 219)
   defining Unicode char U+00DC (decimal 220)
   defining Unicode char U+00DD (decimal 221)
   defining Unicode char U+00DE (decimal 222)
   defining Unicode char U+00DF (decimal 223)
   defining Unicode char U+00E0 (decimal 224)
   defining Unicode char U+00E1 (decimal 225)
   defining Unicode char U+00E2 (decimal 226)
   defining Unicode char U+00E3 (decimal 227)
   defining Unicode char U+00E4 (decimal 228)
   defining Unicode char U+00E5 (decimal 229)
   defining Unicode char U+00E6 (decimal 230)
   defining Unicode char U+00E7 (decimal 231)
   defining Unicode char U+00E8 (decimal 232)
   defining Unicode char U+00E9 (decimal 233)
   defining Unicode char U+00EA (decimal 234)
   defining Unicode char U+00EB (decimal 235)
   defining Unicode char U+00EC (decimal 236)
   defining Unicode char U+00ED (decimal 237)
   defining Unicode char U+00EE (decimal 238)
   defining Unicode char U+00EF (decimal 239)
   defining Unicode char U+00F0 (decimal 240)
   defining Unicode char U+00F1 (decimal 241)
   defining Unicode char U+00F2 (decimal 242)
   defining Unicode char U+00F3 (decimal 243)
   defining Unicode char U+00F4 (decimal 244)
   defining Unicode char U+00F5 (decimal 245)
   defining Unicode char U+00F6 (decimal 246)
   defining Unicode char U+00F8 (decimal 248)
   defining Unicode char U+00F9 (decimal 249)
   defining Unicode char U+00FA (decimal 250)
   defining Unicode char U+00FB (decimal 251)
   defining Unicode char U+00FC (decimal 252)
   defining Unicode char U+00FD (decimal 253)
   defining Unicode char U+00FE (decimal 254)
   defining Unicode char U+00FF (decimal 255)
   defining Unicode char U+0102 (decimal 258)
   defining Unicode char U+0103 (decimal 259)
   defining Unicode char U+0104 (decimal 260)
   defining Unicode char U+0105 (decimal 261)
   defining Unicode char U+0106 (decimal 262)
   defining Unicode char U+0107 (decimal 263)
   defining Unicode char U+010C (decimal 268)
   defining Unicode char U+010D (decimal 269)
   defining Unicode char U+010E (decimal 270)
   defining Unicode char U+010F (decimal 271)
   defining Unicode char U+0110 (decimal 272)
   defining Unicode char U+0111 (decimal 273)
   defining Unicode char U+0118 (decimal 280)
   defining Unicode char U+0119 (decimal 281)
   defining Unicode char U+011A (decimal 282)
   defining Unicode char U+011B (decimal 283)
   defining Unicode char U+011E (decimal 286)
   defining Unicode char U+011F (decimal 287)
   defining Unicode char U+0130 (decimal 304)
   defining Unicode char U+0131 (decimal 305)
   defining Unicode char U+0132 (decimal 306)
   defining Unicode char U+0133 (decimal 307)
   defining Unicode char U+0139 (decimal 313)
   defining Unicode char U+013A (decimal 314)
   defining Unicode char U+013D (decimal 317)
   defining Unicode char U+013E (decimal 318)
   defining Unicode char U+0141 (decimal 321)
   defining Unicode char U+0142 (decimal 322)
   defining Unicode char U+0143 (decimal 323)
   defining Unicode char U+0144 (decimal 324)
   defining Unicode char U+0147 (decimal 327)
   defining Unicode char U+0148 (decimal 328)
   defining Unicode char U+014A (decimal 330)
   defining Unicode char U+014B (decimal 331)
   defining Unicode char U+0150 (decimal 336)
   defining Unicode char U+0151 (decimal 337)
   defining Unicode char U+0152 (decimal 338)
   defining Unicode char U+0153 (decimal 339)
   defining Unicode char U+0154 (decimal 340)
   defining Unicode char U+0155 (decimal 341)
   defining Unicode char U+0158 (decimal 344)
   defining Unicode char U+0159 (decimal 345)
   defining Unicode char U+015A (decimal 346)
   defining Unicode char U+015B (decimal 347)
   defining Unicode char U+015E (decimal 350)
   defining Unicode char U+015F (decimal 351)
   defining Unicode char U+0160 (decimal 352)
   defining Unicode char U+0161 (decimal 353)
   defining Unicode char U+0162 (decimal 354)
   defining Unicode char U+0163 (decimal 355)
   defining Unicode char U+0164 (decimal 356)
   defining Unicode char U+0165 (decimal 357)
   defining Unicode char U+016E (decimal 366)
   defining Unicode char U+016F (decimal 367)
   defining Unicode char U+0170 (decimal 368)
   defining Unicode char U+0171 (decimal 369)
   defining Unicode char U+0178 (decimal 376)
   defining Unicode char U+0179 (decimal 377)
   defining Unicode char U+017A (decimal 378)
   defining Unicode char U+017B (decimal 379)
   defining Unicode char U+017C (decimal 380)
   defining Unicode char U+017D (decimal 381)
   defining Unicode char U+017E (decimal 382)
   defining Unicode char U+200C (decimal 8204)
   defining Unicode char U+2013 (decimal 8211)
   defining Unicode char U+2014 (decimal 8212)
   defining Unicode char U+2018 (decimal 8216)
   defining Unicode char U+2019 (decimal 8217)
   defining Unicode char U+201A (decimal 8218)
   defining Unicode char U+201C (decimal 8220)
   defining Unicode char U+201D (decimal 8221)
   defining Unicode char U+201E (decimal 8222)
   defining Unicode char U+2030 (decimal 8240)
   defining Unicode char U+2031 (decimal 8241)
   defining Unicode char U+2039 (decimal 8249)
   defining Unicode char U+203A (decimal 8250)
   defining Unicode char U+2423 (decimal 9251)
)
Now handling font encoding OT1 ...
... processing UTF-8 mapping file for font encodingOT1

(/usr/share/texmf/tex/latex/base/ot1enc.dfu
File: ot1enc.dfu 2006/03/30 v1.1i UTF-8 support for inputenc
   defining Unicode char U+00A1 (decimal 161)
   defining Unicode char U+00A3 (decimal 163)
   defining Unicode char U+00B8 (decimal 184)
   defining Unicode char U+00BF (decimal 191)
   defining Unicode char U+00C5 (decimal 197)
   defining Unicode char U+00C6 (decimal 198)
   defining Unicode char U+00D8 (decimal 216)
   defining Unicode char U+00DF (decimal 223)
   defining Unicode char U+00E6 (decimal 230)
   defining Unicode char U+00EC (decimal 236)
   defining Unicode char U+00ED (decimal 237)
   defining Unicode char U+00EE (decimal 238)
   defining Unicode char U+00EF (decimal 239)
   defining Unicode char U+00F8 (decimal 248)
   defining Unicode char U+0131 (decimal 305)
   defining Unicode char U+0141 (decimal 321)
   defining Unicode char U+0142 (decimal 322)
   defining Unicode char U+0152 (decimal 338)
   defining Unicode char U+0153 (decimal 339)
   defining Unicode char U+2013 (decimal 8211)
   defining Unicode char U+2014 (decimal 8212)
   defining Unicode char U+2018 (decimal 8216)
   defining Unicode char U+2019 (decimal 8217)
   defining Unicode char U+201C (decimal 8220)
   defining Unicode char U+201D (decimal 8221)
)
Now handling font encoding OMS ...
... processing UTF-8 mapping file for font encodingOMS

(/usr/share/texmf/tex/latex/base/omsenc.dfu
File: omsenc.dfu 2006/03/30 v1.1i UTF-8 support for inputenc
   defining Unicode char U+00A7 (decimal 167)
   defining Unicode char U+00B6 (decimal 182)
   defining Unicode char U+00B7 (decimal 183)
   defining Unicode char U+2020 (decimal 8224)
   defining Unicode char U+2021 (decimal 8225)
   defining Unicode char U+2022 (decimal 8226)
)
Now handling font encoding OMX ...
... no UTF-8 mapping file for font encoding OMX
Now handling font encoding U ...
... no UTF-8 mapping file for font encoding U
   defining Unicode char U+00A9 (decimal 169)
   defining Unicode char U+00AA (decimal 170)
   defining Unicode char U+00AE (decimal 174)
   defining Unicode char U+00BA (decimal 186)
   defining Unicode char U+02C6 (decimal 710)
   defining Unicode char U+02DC (decimal 732)
   defining Unicode char U+200C (decimal 8204)
   defining Unicode char U+2026 (decimal 8230)
   defining Unicode char U+2122 (decimal 8482)
   defining Unicode char U+2423 (decimal 9251)
))
(/usr/share/texmf/tex/latex/amscls/amsthm.sty
Package: amsthm 2004/08/06 v2.20
\thm@style=\toks16
\thm@bodyfont=\toks17
\thm@headfont=\toks18
\thm@notefont=\toks19
\thm@headpunct=\toks20
\thm@preskip=\skip43
\thm@postskip=\skip44
\thm@headsep=\skip45
\dth@everypar=\toks21
)
(/usr/share/texmf/tex/latex/amsfonts/amsfonts.sty
Package: amsfonts 2001/10/25 v2.2f
\@emptytoks=\toks22
\symAMSa=\mathgroup4
\symAMSb=\mathgroup5
LaTeX Font Info:    Overwriting math alphabet `\mathfrak' in version `bold'
(Font)                  U/euf/m/n --> U/euf/b/n on input line 132.
)
(/usr/share/texmf/tex/latex/amsmath/amsmath.sty
Package: amsmath 2000/07/18 v2.13 AMS math features
\@mathmargin=\skip46

For additional information on amsmath, use the `?' option.
(/usr/share/texmf/tex/latex/amsmath/amstext.sty
Package: amstext 2000/06/29 v2.01

(/usr/share/texmf/tex/latex/amsmath/amsgen.sty
File: amsgen.sty 1999/11/30 v2.0
\@emptytoks=\toks23
\ex@=\dimen104
))
(/usr/share/texmf/tex/latex/amsmath/amsbsy.sty
Package: amsbsy 1999/11/29 v1.2d
\pmbraise@=\dimen105
)
(/usr/share/texmf/tex/latex/amsmath/amsopn.sty
Package: amsopn 1999/12/14 v2.01 operator names
)
\inf@bad=\count88
LaTeX Info: Redefining \frac on input line 211.
\uproot@=\count89
\leftroot@=\count90
LaTeX Info: Redefining \overline on input line 307.
\classnum@=\count91
\DOTSCASE@=\count92
LaTeX Info: Redefining \ldots on input line 379.
LaTeX Info: Redefining \dots on input line 382.
LaTeX Info: Redefining \cdots on input line 467.
\Mathstrutbox@=\box26
\strutbox@=\box27
\big@size=\dimen106
LaTeX Font Info:    Redeclaring font encoding OML on input line 567.
LaTeX Font Info:    Redeclaring font encoding OMS on input line 568.
\macc@depth=\count93
\c@MaxMatrixCols=\count94
\dotsspace@=\muskip10
\c@parentequation=\count95
\dspbrk@lvl=\count96
\tag@help=\toks24
\row@=\count97
\column@=\count98
\maxfields@=\count99
\andhelp@=\toks25
\eqnshift@=\dimen107
\alignsep@=\dimen108
\tagshift@=\dimen109
\tagwidth@=\dimen110
\totwidth@=\dimen111
\lineht@=\dimen112
\@envbody=\toks26
\multlinegap=\skip47
\multlinetaggap=\skip48
\mathdisplay@stack=\toks27
LaTeX Info: Redefining \[ on input line 2666.
LaTeX Info: Redefining \] on input line 2667.
)
(/usr/share/texmf/tex/latex/amsfonts/amssymb.sty
Package: amssymb 2002/01/22 v2.2d
)
(/usr/share/texmf/tex/latex/graphics/graphicx.sty
Package: graphicx 1999/02/16 v1.0f Enhanced LaTeX Graphics (DPC,SPQR)

(/usr/share/texmf/tex/latex/graphics/keyval.sty
Package: keyval 1999/03/16 v1.13 key=value parser (DPC)
\KV@toks@=\toks28
)
(/usr/share/texmf/tex/latex/graphics/graphics.sty
Package: graphics 2006/02/20 v1.0o Standard LaTeX Graphics (DPC,SPQR)

(/usr/share/texmf/tex/latex/graphics/trig.sty
Package: trig 1999/03/16 v1.09 sin cos tan (DPC)
)
(/usr/share/texmf/tex/latex/config/graphics.cfg
File: graphics.cfg 2007/01/18 v1.5 graphics configuration of teTeX/TeXLive
)
Package graphics Info: Driver file: pdftex.def on input line 90.

(/usr/share/texmf/tex/latex/pdftex-def/pdftex.def
File: pdftex.def 2007/01/08 v0.04d Graphics/color for pdfTeX
\Gread@gobject=\count100
))
\Gin@req@height=\dimen113
\Gin@req@width=\dimen114
)
(/usr/share/texmf/tex/latex/subfig/subfig.sty
Package: subfig 2005/06/28 ver: 1.3 subfig package

(/usr/share/texmf/tex/latex/caption/caption.sty
Package: caption 2007/01/07 v3.0k Customising captions (AR)

(/usr/share/texmf/tex/latex/caption/caption3.sty
Package: caption3 2007/01/07 v3.0k caption3 kernel (AR)
\captionmargin=\dimen115
\captionmarginx=\dimen116
\captionwidth=\dimen117
\captionindent=\dimen118
\captionparindent=\dimen119
\captionhangindent=\dimen120
))
\c@KVtest=\count101
\sf@farskip=\skip49
\sf@captopadj=\dimen121
\sf@capskip=\skip50
\sf@nearskip=\skip51
\c@subfigure=\count102
\c@subfigure@save=\count103
\c@lofdepth=\count104
\c@subtable=\count105
\c@subtable@save=\count106
\c@lotdepth=\count107
\sf@top=\skip52
\sf@bottom=\skip53
)
(/usr/share/texmf/tex/latex/listings/listings.sty
\lst@mode=\count108
\lst@gtempboxa=\box28
\lst@token=\toks29
\lst@length=\count109
\lst@currlwidth=\dimen122
\lst@column=\count110
\lst@pos=\count111
\lst@lostspace=\dimen123
\lst@width=\dimen124
\lst@newlines=\count112
\lst@lineno=\count113
\c@lstlisting=\count114
\lst@maxwidth=\dimen125

(/usr/share/texmf/tex/latex/listings/lstpatch.sty
File: lstpatch.sty 2004/10/17 1.3b (Carsten Heinz)
)
(/usr/share/texmf/tex/latex/listings/lstmisc.sty
File: lstmisc.sty 2004/09/07 1.3 (Carsten Heinz)
\c@lstnumber=\count115
\lst@skipnumbers=\count116
\lst@framebox=\box29
)
(/usr/share/texmf/tex/latex/listings/listings.cfg
File: listings.cfg 2004/09/05 1.3 listings configuration
))
Package: listings 2004/10/17 1.3b (Carsten Heinz)

(/usr/share/texmf/tex/latex/base/makeidx.sty
Package: makeidx 2000/03/29 v1.0m Standard LaTeX package
)
(/usr/share/texmf/tex/latex/tools/enumerate.sty
Package: enumerate 1999/03/05 v3.00 enumerate extensions (DPC)
\@enLab=\toks30
)
(/usr/share/texmf/tex/latex/hyperref/hyperref.sty
Package: hyperref 2007/02/07 v6.75r Hypertext links for LaTeX
\@linkdim=\dimen126
\Hy@linkcounter=\count117
\Hy@pagecounter=\count118

(/usr/share/texmf/tex/latex/hyperref/pd1enc.def
File: pd1enc.def 2007/02/07 v6.75r Hyperref: PDFDocEncoding definition (HO)
Now handling font encoding PD1 ...
... no UTF-8 mapping file for font encoding PD1
)
(/usr/share/texmf/tex/latex/config/hyperref.cfg
File: hyperref.cfg 2002/06/06 v1.2 hyperref configuration of TeXLive
)
(/usr/share/texmf/tex/latex/oberdiek/kvoptions.sty
Package: kvoptions 2006/08/22 v2.4 Connects package keyval with LaTeX options (
HO)
)
Package hyperref Info: Hyper figures OFF on input line 2288.
Package hyperref Info: Link nesting OFF on input line 2293.
Package hyperref Info: Hyper index ON on input line 2296.
Package hyperref Info: Plain pages OFF on input line 2303.
Package hyperref Info: Backreferencing OFF on input line 2308.

Implicit mode ON; LaTeX internals redefined
Package hyperref Info: Bookmarks ON on input line 2444.
(/usr/share/texmf/tex/latex/ltxmisc/url.sty
\Urlmuskip=\muskip11
Package: url 2005/06/27  ver 3.2  Verb mode for urls, etc.
)
LaTeX Info: Redefining \url on input line 2599.
\Fld@menulength=\count119
\Field@Width=\dimen127
\Fld@charsize=\dimen128
\Choice@toks=\toks31
\Field@toks=\toks32
Package hyperref Info: Hyper figures OFF on input line 3102.
Package hyperref Info: Link nesting OFF on input line 3107.
Package hyperref Info: Hyper index ON on input line 3110.
Package hyperref Info: backreferencing OFF on input line 3117.
Package hyperref Info: Link coloring OFF on input line 3122.
\Hy@abspage=\count120
\c@Item=\count121
\c@Hfootnote=\count122
)
*hyperref using default driver hpdftex*
(/usr/share/texmf/tex/latex/hyperref/hpdftex.def
File: hpdftex.def 2007/02/07 v6.75r Hyperref driver for pdfTeX
\Fld@listcount=\count123
)
Package hyperref Info: Option `colorlinks' set `true' on input line 25.
\@indexfile=\write3
\openout3 = `relatorio.idx'.


Writing index file relatorio.idx
(./relatorio.aux
! Missing \endcsname inserted.
<to be read again> 
                   \protect 
l.82 ...Vars.java}\relax }{subsubsection.5.1.1}{}}
                                                  
? q
OK, entering \batchmode...

! LaTeX Error: Missing \begin{document}.

See the LaTeX manual or LaTeX Companion for explanation.
Type  H <return>  for immediate help.
 ...                                              
                                                  
l.82 ...Vars.java}\relax }{subsubsection.5.1.1}{}}
                                                  
You're in trouble here.  Try typing  <return>  to proceed.
If that doesn't work, type  X <return>  to quit.

! Extra \endcsname.
<recently read> \endcsname 
                           
l.82 ...Vars.java}\relax }{subsubsection.5.1.1}{}}
                                                  
I'm ignoring this, since I wasn't doing a \csname.

! Missing \endcsname inserted.
<to be read again> 
                   \protect 
l.82 ...Vars.java}\relax }{subsubsection.5.1.1}{}}
                                                  
The control sequence marked <to be read again> should
not appear between \csname and \endcsname.

! Missing \endcsname inserted.
<to be read again> 
                   \protect 
l.85 ...nOut.java}\relax }{subsubsection.5.1.2}{}}
                                                  
The control sequence marked <to be read again> should
not appear between \csname and \endcsname.


LaTeX Warning: Label `\emph ' multiply defined.

! Missing \endcsname inserted.
<to be read again> 
                   \protect 
l.85 ...nOut.java}\relax }{subsubsection.5.1.2}{}}
                                                  
The control sequence marked <to be read again> should
not appear between \csname and \endcsname.

! Missing \endcsname inserted.
<to be read again> 
                   \protect 
l.88 ...empo.java}\relax }{subsubsection.5.1.3}{}}
                                                  
The control sequence marked <to be read again> should
not appear between \csname and \endcsname.


LaTeX Warning: Label `\emph ' multiply defined.

! Missing \endcsname inserted.
<to be read again> 
                   \protect 
l.88 ...empo.java}\relax }{subsubsection.5.1.3}{}}
                                                  
The control sequence marked <to be read again> should
not appear between \csname and \endcsname.

! Missing \endcsname inserted.
<to be read again> 
                   \protect 
l.92 ...teca.java}\relax }{subsubsection.5.2.1}{}}
                                                  
The control sequence marked <to be read again> should
not appear between \csname and \endcsname.


LaTeX Warning: Label `\emph ' multiply defined.

! Missing \endcsname inserted.
<to be read again> 
                   \protect 
l.92 ...teca.java}\relax }{subsubsection.5.2.1}{}}
                                                  
The control sequence marked <to be read again> should
not appear between \csname and \endcsname.

! Missing \endcsname inserted.
<to be read again> 
                   \protect 
l.95 ...Impl.java}\relax }{subsubsection.5.2.2}{}}
                                                  
The control sequence marked <to be read again> should
not appear between \csname and \endcsname.


LaTeX Warning: Label `\emph ' multiply defined.

! Missing \endcsname inserted.
<to be read again> 
                   \protect 
l.95 ...Impl.java}\relax }{subsubsection.5.2.2}{}}
                                                  
The control sequence marked <to be read again> should
not appear between \csname and \endcsname.

! Missing \endcsname inserted.
<to be read again> 
                   \protect 
l.98 ...ivro.java}\relax }{subsubsection.5.2.3}{}}
                                                  
The control sequence marked <to be read again> should
not appear between \csname and \endcsname.


LaTeX Warning: Label `\emph ' multiply defined.

! Missing \endcsname inserted.
<to be read again> 
                   \protect 
l.98 ...ivro.java}\relax }{subsubsection.5.2.3}{}}
                                                  
The control sequence marked <to be read again> should
not appear between \csname and \endcsname.

! Missing \endcsname inserted.
<to be read again> 
                   \protect 
l.101 ...enu.java}\relax }{subsubsection.5.2.4}{}}
                                                  
The control sequence marked <to be read again> should
not appear between \csname and \endcsname.


LaTeX Warning: Label `\emph ' multiply defined.

! Missing \endcsname inserted.
<to be read again> 
                   \protect 
l.101 ...enu.java}\relax }{subsubsection.5.2.4}{}}
                                                  
The control sequence marked <to be read again> should
not appear between \csname and \endcsname.

! Missing \endcsname inserted.
<to be read again> 
                   \protect 
l.104 ...rio.java}\relax }{subsubsection.5.2.5}{}}
                                                  
The control sequence marked <to be read again> should
not appear between \csname and \endcsname.


LaTeX Warning: Label `\emph ' multiply defined.

! Missing \endcsname inserted.
<to be read again> 
                   \protect 
l.104 ...rio.java}\relax }{subsubsection.5.2.5}{}}
                                                  
The control sequence marked <to be read again> should
not appear between \csname and \endcsname.

! Missing \endcsname inserted.
<to be read again> 
                   \protect 
l.108 ...ver.java}\relax }{subsubsection.5.3.1}{}}
                                                  
The control sequence marked <to be read again> should
not appear between \csname and \endcsname.


LaTeX Warning: Label `\emph ' multiply defined.

! Missing \endcsname inserted.
<to be read again> 
                   \protect 
l.108 ...ver.java}\relax }{subsubsection.5.3.1}{}}
                                                  
The control sequence marked <to be read again> should
not appear between \csname and \endcsname.

! Missing \endcsname inserted.
<to be read again> 
                   \protect 
l.112 ...ent.java}\relax }{subsubsection.5.4.1}{}}
                                                  
The control sequence marked <to be read again> should
not appear between \csname and \endcsname.


LaTeX Warning: Label `\emph ' multiply defined.

! Missing \endcsname inserted.
<to be read again> 
                   \protect 
l.112 ...ent.java}\relax }{subsubsection.5.4.1}{}}
                                                  
The control sequence marked <to be read again> should
not appear between \csname and \endcsname.

! Missing \endcsname inserted.
<to be read again> 
                   \protect 
l.115 ...ter.java}\relax }{subsubsection.5.4.2}{}}
                                                  
The control sequence marked <to be read again> should
not appear between \csname and \endcsname.


LaTeX Warning: Label `\emph ' multiply defined.

! Missing \endcsname inserted.
<to be read again> 
                   \protect 
l.115 ...ter.java}\relax }{subsubsection.5.4.2}{}}
                                                  
The control sequence marked <to be read again> should
not appear between \csname and \endcsname.

)
\openout1 = `relatorio.aux'.

LaTeX Font Info:    Checking defaults for OML/cmm/m/it on input line 32.
LaTeX Font Info:    ... okay on input line 32.
LaTeX Font Info:    Checking defaults for T1/cmr/m/n on input line 32.
LaTeX Font Info:    ... okay on input line 32.
LaTeX Font Info:    Checking defaults for OT1/cmr/m/n on input line 32.
LaTeX Font Info:    ... okay on input line 32.
LaTeX Font Info:    Checking defaults for OMS/cmsy/m/n on input line 32.
LaTeX Font Info:    ... okay on input line 32.
LaTeX Font Info:    Checking defaults for OMX/cmex/m/n on input line 32.
LaTeX Font Info:    ... okay on input line 32.
LaTeX Font Info:    Checking defaults for U/cmr/m/n on input line 32.
LaTeX Font Info:    ... okay on input line 32.
LaTeX Font Info:    Checking defaults for PD1/pdf/m/n on input line 32.
LaTeX Font Info:    ... okay on input line 32.
 (/usr/share/texmf/tex/latex/ragged2e/ragged2e.sty
Package: ragged2e 2003/03/25 v2.04 ragged2e Package (MS)
 (/usr/share/texmf/tex/latex/everysel/everysel.sty
Package: everysel 1999/06/08 v1.03 EverySelectfont Package (MS)
LaTeX Info: Redefining \selectfont on input line 125.
)
\CenteringLeftskip=\skip54
\RaggedLeftLeftskip=\skip55
\RaggedRightLeftskip=\skip56
\CenteringRightskip=\skip57
\RaggedLeftRightskip=\skip58
\RaggedRightRightskip=\skip59
\CenteringParfillskip=\skip60
\RaggedLeftParfillskip=\skip61
\RaggedRightParfillskip=\skip62
\JustifyingParfillskip=\skip63
\CenteringParindent=\skip64
\RaggedLeftParindent=\skip65
\RaggedRightParindent=\skip66
\JustifyingParindent=\skip67
)
Package caption Info: hyperref package v6.74m (or newer) detected on input line
 32.
Package caption Info: listings package v1.2 (or newer) detected on input line 3
2.
Package caption Info: subref 1.2 or 1.3 detected on input line 32.
LaTeX Info: Redefining \subref on input line 32.
 (/usr/share/texmf/tex/latex/graphics/color.sty
Package: color 2005/11/14 v1.0j Standard LaTeX Color (DPC)
 (/usr/share/texmf/tex/latex/config/color.cfg
File: color.cfg 2007/01/18 v1.5 color configuration of teTeX/TeXLive
)
Package color Info: Driver file: pdftex.def on input line 130.
)
Package hyperref Info: Link coloring ON on input line 32.
 (/usr/share/texmf/tex/latex/hyperref/nameref.sty
Package: nameref 2006/12/27 v2.28 Cross-referencing by name of section
 (/usr/share/texmf/tex/latex/oberdiek/refcount.sty
Package: refcount 2006/02/20 v3.0 Data extraction from references (HO)
)
\c@section@level=\count124
)
LaTeX Info: Redefining \ref on input line 32.
LaTeX Info: Redefining \pageref on input line 32.
 (./relatorio.out) (./relatorio.out)
\@outlinefile=\write4
\openout4 = `relatorio.out'.

 [1

{/usr/share/texmf/fonts/map/pdftex/updmap/pdftex.map}]
LaTeX Font Info:    Try loading font information for U+msa on input line 34.
 (/usr/share/texmf/tex/latex/amsfonts/umsa.fd
File: umsa.fd 2002/01/19 v2.2g AMS font definitions
)
LaTeX Font Info:    Try loading font information for U+msb on input line 34.
 (/usr/share/texmf/tex/latex/amsfonts/umsb.fd
File: umsb.fd 2002/01/19 v2.2g AMS font definitions
) <logo.jpg, id=141, 481.8pt x 260.975pt>
File: logo.jpg Graphic file (type jpg)
 <use logo.jpg> [2 <./logo.jpg>] (./relatorio.toc)
\tf@toc=\write5
\openout5 = `relatorio.toc'.

 (./relatorio.lof)
\tf@lof=\write6
\openout6 = `relatorio.lof'.

 (./relatorio.lot)
\tf@lot=\write7
\openout7 = `relatorio.lot'.

 [3] [4]
Overfull \hbox (10.13835pt too wide) in paragraph at lines 44--48
\OT1/cmr/m/n/10 O ob-je-tivo desse pro-jeto ^^Se im-ple-men-tar um sis-tema cli
-en-te/-ser-vi-dor, com opera^^Xc~oes
 []

LaTeX Font Info:    Try loading font information for OMS+cmr on input line 55.
 (/usr/share/texmf/tex/latex/base/omscmr.fd
File: omscmr.fd 1999/05/25 v2.5h Standard LaTeX font definitions
)
LaTeX Font Info:    Font shape `OMS/cmr/m/n' in size <10> not available
(Font)              Font shape `OMS/cmsy/m/n' tried instead on input line 55.
 [5]
Overfull \hbox (3.13968pt too wide) in paragraph at lines 79--81
[]\OT1/cmr/m/it/10 common\OT1/cmr/m/n/10 : Cont^^Sem al-gu-mas va-ri-a-veis/-cl
as-ses co-mum tanto ao cli-ente, quanto
 []


Overfull \hbox (4.02109pt too wide) in paragraph at lines 83--84
[]\OT1/cmr/m/it/10 client\OT1/cmr/m/n/10 : Pa-cote ex-clu-sivo do cli-ente, que
 cont^^Sem ape-nas as clas-ses de execu^^Xc~ao
 []


Overfull \hbox (2.36147pt too wide) in paragraph at lines 102--104
[]\OT1/cmr/m/it/10 BibliotecaImpl.java\OT1/cmr/m/n/10 : Im-ple-menta a in-ter-f
ace Bi-bli-o-teca e cont^^Sem os m^^Setodos
 []

 [6] [7] <fluxo_servidor.png, id=271, 301.125pt x 451.6875pt>
File: fluxo_servidor.png Graphic file (type png)
 <use fluxo_servidor.png> <fluxo_cliente.png, id=272, 301.125pt x 451.6875pt>
File: fluxo_cliente.png Graphic file (type png)
 <use fluxo_cliente.png> [8 <./fluxo_servidor.png> <./fluxo_cliente.png>] <flux
o_tempo.png, id=281, 622.325pt x 401.5pt>
File: fluxo_tempo.png Graphic file (type png)
 <use fluxo_tempo.png> [9 <./fluxo_tempo.png>]

LaTeX Warning: Reference `itm:transportetcp' on page 10 undefined on input line
 160.

 (./traceroute
Overfull \hbox (81.00433pt too wide) in paragraph at lines 1--2
[][][][][][][][][][][][][][][][][][][][][][][] 
 []


Overfull \hbox (45.00397pt too wide) in paragraph at lines 2--3
[][][][][][][][][][][][][][][][][][][][][][][][][][][][][][][]
 []


Overfull \hbox (39.0039pt too wide) in paragraph at lines 3--4
[][][][][][][][][][][][][][][][][][][][][][][][][][][][][][][]
 []


Overfull \hbox (51.00403pt too wide) in paragraph at lines 4--5
[][][][][][][][][][][][][][][][][][][][][][][][][]
 []


Overfull \hbox (33.00385pt too wide) in paragraph at lines 5--6
[][][][][][][][][][][][][][][][][][][][][][][][][]
 []


Overfull \hbox (69.00421pt too wide) in paragraph at lines 5--6
[][][][][][][][][][][][][][][][][][][][][][]
 []


Overfull \hbox (69.00421pt too wide) in paragraph at lines 5--6
[][][][][][][][][][][][][][][][][][][][][][]
 []


Overfull \hbox (87.0044pt too wide) in paragraph at lines 6--7
[][][][][][][][][][][][][][][][][][][][][][][][][][][]
 []


Overfull \hbox (123.00476pt too wide) in paragraph at lines 6--7
[][][][][][][][][][][][][][][][][][][][][][][][]
 []


Overfull \hbox (3.00354pt too wide) in paragraph at lines 7--8
[][][][][][][][][][][][][][][][][][][][][][][][][][][]
 []


Overfull \hbox (315.00671pt too wide) in paragraph at lines 8--9
[][][][][][][][][][][][][][][][][][][][][][][][][][][][][][][][][][][][][][][]
 []


Overfull \hbox (39.0039pt too wide) in paragraph at lines 9--10
[][][][][][][][][][][][][][][][][][][][][][][][][][][][][]
 []


Overfull \hbox (45.00397pt too wide) in paragraph at lines 10--11
[][][][][][][][][][][][][][][][][][][][][][][][][][][][][]
 []


Overfull \hbox (39.0039pt too wide) in paragraph at lines 11--12
[][][][][][][][][][][][][][][][][][][][][][][][][][][][]
 []


Overfull \hbox (45.00397pt too wide) in paragraph at lines 12--13
[][][][][][][][][][][][][][][][][][][][][][][][][][][][]
 []


Overfull \hbox (51.00403pt too wide) in paragraph at lines 13--14
[][][][][][][][][][][][][][][][][][][][][][][][][][][][]
 []


Overfull \hbox (51.00403pt too wide) in paragraph at lines 14--15
[][][][][][][][][][][][][][][][][][][][][][][][][][][][]
 []


Overfull \hbox (21.00372pt too wide) in paragraph at lines 15--16
[][][][][][][][][][][][][][][][][][][][][][][][]
 []


Overfull \hbox (39.0039pt too wide) in paragraph at lines 16--17
[][][][][][][][][][][][][][][][][][][][][][]
 []

 [10])
Overfull \hbox (51.00403pt too wide) in paragraph at lines 17--161
[][][][][][][][][][][][][][][][][][][][][][][][][][][][]
 []

 (./dados/tt_1.tex) (./dados/tt_2.tex) (./dados/tt_3.tex) (./dados/tt_4.tex) (.
/dados/tt_5.tex) (./dados/tt_6.tex)

LaTeX Warning: Float too large for page by 32.19998pt on input line 211.

 [11] [12] (./dados/tp_1.tex) (./dados/tp_2.tex) (./dados/tp_3.tex) (./dados/tp
_4.tex) (./dados/tp_5.tex) (./dados/tt_6.tex)

LaTeX Warning: Float too large for page by 32.19998pt on input line 261.

 [13] [14]
Underfull \hbox (badness 10000) in paragraph at lines 264--266

 []


LaTeX Warning: Reference `itm:tcpserver' on page 15 undefined on input line 269
.


Overfull \hbox (29.29945pt too wide) in paragraph at lines 267--274
\OT1/cmr/m/n/10 J^^Sa o des-vio padr~ao amos-tral, de-no-mi-nado [] ^^Se cal-cu
-lado como [] 
 []

 [15] <graficos.png, id=343, 614.295pt x 794.97pt>
File: graficos.png Graphic file (type png)
 <use graficos.png> [16 <./graficos.png>]

! LaTeX Error: There's no line here to end.

See the LaTeX manual or LaTeX Companion for explanation.
Type  H <return>  for immediate help.
 ...                                              
                                                  
l.323 P
       ara o c√°lculo comparativo entre os dois sistemas colocamos peso maio...

Your command was ignored.
Type  I <command> <return>  to replace it with another command,
or  <return>  to continue without it.


! LaTeX Error: \begin{document} ended by \end{enumerate}.

See the LaTeX manual or LaTeX Companion for explanation.
Type  H <return>  for immediate help.
 ...                                              
                                                  
l.330 \end{enumerate}
                     
Your command was ignored.
Type  I <command> <return>  to replace it with another command,
or  <return>  to continue without it.

! Extra \endgroup.
<recently read> \endgroup 
                          
l.330 \end{enumerate}
                     
Things are pretty mixed up, but I think the worst is over.

 [17] (/usr/share/texmf/tex/latex/listings/lstlang1.sty
File: lstlang1.sty 2004/09/05 1.3 listings language file
) (../src/common/CommonVars.java
LaTeX Font Info:    Font shape `OMS/cmr/m/n' in size <8> not available
(Font)              Font shape `OMS/cmsy/m/n' tried instead on input line 3.
LaTeX Font Info:    Font shape `OMS/cmr/m/it' in size <8> not available
(Font)              Font shape `OMS/cmsy/m/n' tried instead on input line 4.
) (../src/common/InOut.java [18] [19]) (../src/common/Tempo.java [20]) (../src/
biblioteca/Biblioteca.java) (../src/biblioteca/BibliotecaImpl.java [21]

! Package inputenc Error: Unicode char \u8:√\expandafter not set up for use wit
h LaTeX.

See the inputenc package documentation for explanation.
Type  H <return>  for immediate help.
 ...                                              
                                                  
l.27 			/*registrando a conex√£o 
                                 com o banco*/
Your command was ignored.
Type  I <command> <return>  to replace it with another command,
or  <return>  to continue without it.


! Package inputenc Error: Keyboard character used is undefined
(inputenc)                in inputencoding `utf8'.

See the inputenc package documentation for explanation.
Type  H <return>  for immediate help.
 ...                                              
                                                  
l.27 			/*registrando a conex√£o 
                                 com o banco*/
You need to provide a definition with \DeclareInputText 
or \DeclareInputMath before using this key.


! Package inputenc Error: Unicode char \u8:√\expandafter not set up for use wit
h LaTeX.

See the inputenc package documentation for explanation.
Type  H <return>  for immediate help.
 ...                                              
                                                  
l.30 ....println("Error: Falha ao tentar conex√£o 
                                                  com o banco de dados");/*a...

Your command was ignored.
Type  I <command> <return>  to replace it with another command,
or  <return>  to continue without it.


! Package inputenc Error: Keyboard character used is undefined
(inputenc)                in inputencoding `utf8'.

See the inputenc package documentation for explanation.
Type  H <return>  for immediate help.
 ...                                              
                                                  
l.30 ....println("Error: Falha ao tentar conex√£o 
                                                  com o banco de dados");/*a...

You need to provide a definition with \DeclareInputText 
or \DeclareInputMath before using this key.


! Package inputenc Error: Unicode char \u8:√\expandafter not set up for use wit
h LaTeX.

See the inputenc package documentation for explanation.
Type  H <return>  for immediate help.
 ...                                              
                                                  
l.34 		if(this.conn==null){/*Essa conex√£o 
                                           realmente existe?*/
Your command was ignored.
Type  I <command> <return>  to replace it with another command,
or  <return>  to continue without it.


! Package inputenc Error: Keyboard character used is undefined
(inputenc)                in inputencoding `utf8'.

See the inputenc package documentation for explanation.
Type  H <return>  for immediate help.
 ...                                              
                                                  
l.34 		if(this.conn==null){/*Essa conex√£o 
                                           realmente existe?*/
You need to provide a definition with \DeclareInputText 
or \DeclareInputMath before using this key.


! Package inputenc Error: Unicode char \u8:√\expandafter not set up for use wit
h LaTeX.

See the inputenc package documentation for explanation.
Type  H <return>  for immediate help.
 ...                                              
                                                  
l.35 			System.out.println("Error: Falta conex√£o 
                                                  com o banco de dados");
Your command was ignored.
Type  I <command> <return>  to replace it with another command,
or  <return>  to continue without it.


! Package inputenc Error: Keyboard character used is undefined
(inputenc)                in inputencoding `utf8'.

See the inputenc package documentation for explanation.
Type  H <return>  for immediate help.
 ...                                              
                                                  
l.35 			System.out.println("Error: Falta conex√£o 
                                                  com o banco de dados");
You need to provide a definition with \DeclareInputText 
or \DeclareInputMath before using this key.


! Package inputenc Error: Unicode char \u8:√\expandafter not set up for use wit
h LaTeX.

See the inputenc package documentation for explanation.
Type  H <return>  for immediate help.
 ...                                              
                                                  
l.39 	 * M√©todo 
                 que lista todos os ISBN presentes na Biblioteca.
Your command was ignored.
Type  I <command> <return>  to replace it with another command,
or  <return>  to continue without it.


! Package inputenc Error: Keyboard character used is undefined
(inputenc)                in inputencoding `utf8'.

See the inputenc package documentation for explanation.
Type  H <return>  for immediate help.
 ...                                              
                                                  
l.39 	 * M√©todo 
                 que lista todos os ISBN presentes na Biblioteca.
You need to provide a definition with \DeclareInputText 
or \DeclareInputMath before using this key.

LaTeX Font Info:    Try loading font information for OML+cmr on input line 48.
 (/usr/share/texmf/tex/latex/base/omlcmr.fd
File: omlcmr.fd 1999/05/25 v2.5h Standard LaTeX font definitions
)
LaTeX Font Info:    Font shape `OML/cmr/m/n' in size <8> not available
(Font)              Font shape `OML/cmm/m/it' tried instead on input line 48.

! Package inputenc Error: Unicode char \u8:√\lst@FillFixed@ not set up for use 
with LaTeX.

See the inputenc package documentation for explanation.
Type  H <return>  for immediate help.
 ...                                              
                                                  
l.63 ...os)/*percorrer os livros e concaternar √† 
                                                  string s*/
Your command was ignored.
Type  I <command> <return>  to replace it with another command,
or  <return>  to continue without it.


! Package inputenc Error: Keyboard character used is undefined
(inputenc)                in inputencoding `utf8'.

See the inputenc package documentation for explanation.
Type  H <return>  for immediate help.
 ...                                              
                                                  
l.63 ...os)/*percorrer os livros e concaternar √† 
                                                  string s*/
You need to provide a definition with \DeclareInputText 
or \DeclareInputMath before using this key.

 [22]

! Package inputenc Error: Unicode char \u8:√\expandafter not set up for use wit
h LaTeX.

See the inputenc package documentation for explanation.
Type  H <return>  for immediate help.
 ...                                              
                                                  
l.72 		if(s.length()==0)/*n√£o 
                               existe nenhum livro*/
Your command was ignored.
Type  I <command> <return>  to replace it with another command,
or  <return>  to continue without it.


! Package inputenc Error: Keyboard character used is undefined
(inputenc)                in inputencoding `utf8'.

See the inputenc package documentation for explanation.
Type  H <return>  for immediate help.
 ...                                              
                                                  
l.72 		if(s.length()==0)/*n√£o 
                               existe nenhum livro*/
You need to provide a definition with \DeclareInputText 
or \DeclareInputMath before using this key.


! Package inputenc Error: Unicode char \u8:√\expandafter not set up for use wit
h LaTeX.

See the inputenc package documentation for explanation.
Type  H <return>  for immediate help.
 ...                                              
                                                  
l.78 	 * M√©todo 
                 que lista a descricao de um livro dado um ISBN
Your command was ignored.
Type  I <command> <return>  to replace it with another command,
or  <return>  to continue without it.


! Package inputenc Error: Keyboard character used is undefined
(inputenc)                in inputencoding `utf8'.

See the inputenc package documentation for explanation.
Type  H <return>  for immediate help.
 ...                                              
                                                  
l.78 	 * M√©todo 
                 que lista a descricao de um livro dado um ISBN
You need to provide a definition with \DeclareInputText 
or \DeclareInputMath before using this key.


! Package inputenc Error: Unicode char \u8:√\lst@FillFixed@ not set up for use 
with LaTeX.

See the inputenc package documentation for explanation.
Type  H <return>  for immediate help.
 ...                                              
                                                  
l.104 ...s)/*percorrer os livros e concaternar √† 
                                                  string s*/
Your command was ignored.
Type  I <command> <return>  to replace it with another command,
or  <return>  to continue without it.


! Package inputenc Error: Keyboard character used is undefined
(inputenc)                in inputencoding `utf8'.

See the inputenc package documentation for explanation.
Type  H <return>  for immediate help.
 ...                                              
                                                  
l.104 ...s)/*percorrer os livros e concaternar √† 
                                                  string s*/
You need to provide a definition with \DeclareInputText 
or \DeclareInputMath before using this key.


! Package inputenc Error: Unicode char \u8:√\expandafter not set up for use wit
h LaTeX.

See the inputenc package documentation for explanation.
Type  H <return>  for immediate help.
 ...                                              
                                                  
l.113 		if(s.length()==0)/*n√£o 
                                existe nenhum livro*/
Your command was ignored.
Type  I <command> <return>  to replace it with another command,
or  <return>  to continue without it.


! Package inputenc Error: Keyboard character used is undefined
(inputenc)                in inputencoding `utf8'.

See the inputenc package documentation for explanation.
Type  H <return>  for immediate help.
 ...                                              
                                                  
l.113 		if(s.length()==0)/*n√£o 
                                existe nenhum livro*/
You need to provide a definition with \DeclareInputText 
or \DeclareInputMath before using this key.


! Package inputenc Error: Unicode char \u8:√\expandafter not set up for use wit
h LaTeX.

See the inputenc package documentation for explanation.
Type  H <return>  for immediate help.
 ...                                              
                                                  
l.119 	 * M√©todo 
                  que lista um livro dado um ISBN
Your command was ignored.
Type  I <command> <return>  to replace it with another command,
or  <return>  to continue without it.


! Package inputenc Error: Keyboard character used is undefined
(inputenc)                in inputencoding `utf8'.

See the inputenc package documentation for explanation.
Type  H <return>  for immediate help.
 ...                                              
                                                  
l.119 	 * M√©todo 
                  que lista um livro dado um ISBN
You need to provide a definition with \DeclareInputText 
or \DeclareInputMath before using this key.

 [23]

! Package inputenc Error: Unicode char \u8:√\lst@FillFixed@ not set up for use 
with LaTeX.

See the inputenc package documentation for explanation.
Type  H <return>  for immediate help.
 ...                                              
                                                  
l.149 ...s)/*percorrer os livros e concaternar √† 
                                                  string s*/
Your command was ignored.
Type  I <command> <return>  to replace it with another command,
or  <return>  to continue without it.


! Package inputenc Error: Keyboard character used is undefined
(inputenc)                in inputencoding `utf8'.

See the inputenc package documentation for explanation.
Type  H <return>  for immediate help.
 ...                                              
                                                  
l.149 ...s)/*percorrer os livros e concaternar √† 
                                                  string s*/
You need to provide a definition with \DeclareInputText 
or \DeclareInputMath before using this key.


! Package inputenc Error: Unicode char \u8:√\expandafter not set up for use wit
h LaTeX.

See the inputenc package documentation for explanation.
Type  H <return>  for immediate help.
 ...                                              
                                                  
l.158 		if(s.length()==0)/*n√£o 
                                existe nenhum livro*/
Your command was ignored.
Type  I <command> <return>  to replace it with another command,
or  <return>  to continue without it.


! Package inputenc Error: Keyboard character used is undefined
(inputenc)                in inputencoding `utf8'.

See the inputenc package documentation for explanation.
Type  H <return>  for immediate help.
 ...                                              
                                                  
l.158 		if(s.length()==0)/*n√£o 
                                existe nenhum livro*/
You need to provide a definition with \DeclareInputText 
or \DeclareInputMath before using this key.


! Package inputenc Error: Unicode char \u8:√\expandafter not set up for use wit
h LaTeX.

See the inputenc package documentation for explanation.
Type  H <return>  for immediate help.
 ...                                              
                                                  
l.164 	 * M√©todo 
                  que lista todos os livros
Your command was ignored.
Type  I <command> <return>  to replace it with another command,
or  <return>  to continue without it.


! Package inputenc Error: Keyboard character used is undefined
(inputenc)                in inputencoding `utf8'.

See the inputenc package documentation for explanation.
Type  H <return>  for immediate help.
 ...                                              
                                                  
l.164 	 * M√©todo 
                  que lista todos os livros
You need to provide a definition with \DeclareInputText 
or \DeclareInputMath before using this key.

 [24]

! Package inputenc Error: Unicode char \u8:√\lst@FillFixed@ not set up for use 
with LaTeX.

See the inputenc package documentation for explanation.
Type  H <return>  for immediate help.
 ...                                              
                                                  
l.194 ...s)/*percorrer os livros e concaternar √† 
                                                  string s*/
Your command was ignored.
Type  I <command> <return>  to replace it with another command,
or  <return>  to continue without it.


! Package inputenc Error: Keyboard character used is undefined
(inputenc)                in inputencoding `utf8'.

See the inputenc package documentation for explanation.
Type  H <return>  for immediate help.
 ...                                              
                                                  
l.194 ...s)/*percorrer os livros e concaternar √† 
                                                  string s*/
You need to provide a definition with \DeclareInputText 
or \DeclareInputMath before using this key.


! Package inputenc Error: Unicode char \u8:√\expandafter not set up for use wit
h LaTeX.

See the inputenc package documentation for explanation.
Type  H <return>  for immediate help.
 ...                                              
                                                  
l.203 		if(s.length()==0)/*n√£o 
                                existe nenhum livro*/
Your command was ignored.
Type  I <command> <return>  to replace it with another command,
or  <return>  to continue without it.


! Package inputenc Error: Keyboard character used is undefined
(inputenc)                in inputencoding `utf8'.

See the inputenc package documentation for explanation.
Type  H <return>  for immediate help.
 ...                                              
                                                  
l.203 		if(s.length()==0)/*n√£o 
                                existe nenhum livro*/
You need to provide a definition with \DeclareInputText 
or \DeclareInputMath before using this key.


! Package inputenc Error: Unicode char \u8:√\expandafter not set up for use wit
h LaTeX.

See the inputenc package documentation for explanation.
Type  H <return>  for immediate help.
 ...                                              
                                                  
l.209 	 * M√©todo 
                  que edita a quantidade em estoque de um livro
Your command was ignored.
Type  I <command> <return>  to replace it with another command,
or  <return>  to continue without it.


! Package inputenc Error: Keyboard character used is undefined
(inputenc)                in inputencoding `utf8'.

See the inputenc package documentation for explanation.
Type  H <return>  for immediate help.
 ...                                              
                                                  
l.209 	 * M√©todo 
                  que edita a quantidade em estoque de um livro
You need to provide a definition with \DeclareInputText 
or \DeclareInputMath before using this key.


! Package inputenc Error: Unicode char \u8:√\expandafter not set up for use wit
h LaTeX.

See the inputenc package documentation for explanation.
Type  H <return>  for immediate help.
 ...                                              
                                                  
l.215 		String s = new String("Opera√ß√£o 
                                          realizada com sucesso.\n");/*strin...

Your command was ignored.
Type  I <command> <return>  to replace it with another command,
or  <return>  to continue without it.


! Package inputenc Error: Keyboard character used is undefined
(inputenc)                in inputencoding `utf8'.

See the inputenc package documentation for explanation.
Type  H <return>  for immediate help.
 ...                                              
                                                  
l.215 		String s = new String("Opera√ß√£o 
                                          realizada com sucesso.\n");/*strin...

You need to provide a definition with \DeclareInputText 
or \DeclareInputMath before using this key.


! Package inputenc Error: Unicode char \u8:√\expandafter not set up for use wit
h LaTeX.

See the inputenc package documentation for explanation.
Type  H <return>  for immediate help.
 ...                                              
                                                  
l.215 		String s = new String("Opera√ß√£o 
                                          realizada com sucesso.\n");/*strin...

Your command was ignored.
Type  I <command> <return>  to replace it with another command,
or  <return>  to continue without it.


! Package inputenc Error: Keyboard character used is undefined
(inputenc)                in inputencoding `utf8'.

See the inputenc package documentation for explanation.
Type  H <return>  for immediate help.
 ...                                              
                                                  
l.215 		String s = new String("Opera√ß√£o 
                                          realizada com sucesso.\n");/*strin...

You need to provide a definition with \DeclareInputText 
or \DeclareInputMath before using this key.


! Package inputenc Error: Unicode char \u8:√\expandafter not set up for use wit
h LaTeX.

See the inputenc package documentation for explanation.
Type  H <return>  for immediate help.
 ...                                              
                                                  
l.217 ... "Erro: A quantidade deve ser um n√∫mero 
                                                  natural.\n";
Your command was ignored.
Type  I <command> <return>  to replace it with another command,
or  <return>  to continue without it.


! Package inputenc Error: Keyboard character used is undefined
(inputenc)                in inputencoding `utf8'.

See the inputenc package documentation for explanation.
Type  H <return>  for immediate help.
 ...                                              
                                                  
l.217 ... "Erro: A quantidade deve ser um n√∫mero 
                                                  natural.\n";
You need to provide a definition with \DeclareInputText 
or \DeclareInputMath before using this key.

 [25]

! Package inputenc Error: Unicode char \u8:√\expandafter not set up for use wit
h LaTeX.

See the inputenc package documentation for explanation.
Type  H <return>  for immediate help.
 ...                                              
                                                  
l.238 		if(s.length()==0)/*n√£o 
                                existe nenhum livro*/
Your command was ignored.
Type  I <command> <return>  to replace it with another command,
or  <return>  to continue without it.


! Package inputenc Error: Keyboard character used is undefined
(inputenc)                in inputencoding `utf8'.

See the inputenc package documentation for explanation.
Type  H <return>  for immediate help.
 ...                                              
                                                  
l.238 		if(s.length()==0)/*n√£o 
                                existe nenhum livro*/
You need to provide a definition with \DeclareInputText 
or \DeclareInputMath before using this key.


! Package inputenc Error: Unicode char \u8:√\expandafter not set up for use wit
h LaTeX.

See the inputenc package documentation for explanation.
Type  H <return>  for immediate help.
 ...                                              
                                                  
l.244 	 * M√©todo 
                  que lista a quantidade em estoque de um livro
Your command was ignored.
Type  I <command> <return>  to replace it with another command,
or  <return>  to continue without it.


! Package inputenc Error: Keyboard character used is undefined
(inputenc)                in inputencoding `utf8'.

See the inputenc package documentation for explanation.
Type  H <return>  for immediate help.
 ...                                              
                                                  
l.244 	 * M√©todo 
                  que lista a quantidade em estoque de um livro
You need to provide a definition with \DeclareInputText 
or \DeclareInputMath before using this key.


! Package inputenc Error: Unicode char \u8:√\lst@FillFixed@ not set up for use 
with LaTeX.

See the inputenc package documentation for explanation.
Type  H <return>  for immediate help.
 ...                                              
                                                  
l.271 ...s)/*percorrer os livros e concaternar √† 
                                                  string s*/
Your command was ignored.
Type  I <command> <return>  to replace it with another command,
or  <return>  to continue without it.


! Package inputenc Error: Keyboard character used is undefined
(inputenc)                in inputencoding `utf8'.

See the inputenc package documentation for explanation.
Type  H <return>  for immediate help.
 ...                                              
                                                  
l.271 ...s)/*percorrer os livros e concaternar √† 
                                                  string s*/
You need to provide a definition with \DeclareInputText 
or \DeclareInputMath before using this key.


! Package inputenc Error: Unicode char \u8:√\expandafter not set up for use wit
h LaTeX.

See the inputenc package documentation for explanation.
Type  H <return>  for immediate help.
 ...                                              
                                                  
l.280 		if(s.length()==0)/*n√£o 
                                existe nenhum livro*/
Your command was ignored.
Type  I <command> <return>  to replace it with another command,
or  <return>  to continue without it.


! Package inputenc Error: Keyboard character used is undefined
(inputenc)                in inputencoding `utf8'.

See the inputenc package documentation for explanation.
Type  H <return>  for immediate help.
 ...                                              
                                                  
l.280 		if(s.length()==0)/*n√£o 
                                existe nenhum livro*/
You need to provide a definition with \DeclareInputText 
or \DeclareInputMath before using this key.

 [26]

! Package inputenc Error: Unicode char \u8:√\expandafter not set up for use wit
h LaTeX.

See the inputenc package documentation for explanation.
Type  H <return>  for immediate help.
 ...                                              
                                                  
l.289 	/*m√©todo 
                 que imprime o menu*/
Your command was ignored.
Type  I <command> <return>  to replace it with another command,
or  <return>  to continue without it.


! Package inputenc Error: Keyboard character used is undefined
(inputenc)                in inputencoding `utf8'.

See the inputenc package documentation for explanation.
Type  H <return>  for immediate help.
 ...                                              
                                                  
l.289 	/*m√©todo 
                 que imprime o menu*/
You need to provide a definition with \DeclareInputText 
or \DeclareInputMath before using this key.

) (../src/biblioteca/Livro.java

! Package inputenc Error: Unicode char \u8:√\expandafter not set up for use wit
h LaTeX.

See the inputenc package documentation for explanation.
Type  H <return>  for immediate help.
 ...                                              
                                                  
l.2  * Classe de manipula√ß√£o 
                               de um livro
Your command was ignored.
Type  I <command> <return>  to replace it with another command,
or  <return>  to continue without it.


! Package inputenc Error: Keyboard character used is undefined
(inputenc)                in inputencoding `utf8'.

See the inputenc package documentation for explanation.
Type  H <return>  for immediate help.
 ...                                              
                                                  
l.2  * Classe de manipula√ß√£o 
                               de um livro
You need to provide a definition with \DeclareInputText 
or \DeclareInputMath before using this key.


! Package inputenc Error: Unicode char \u8:√\expandafter not set up for use wit
h LaTeX.

See the inputenc package documentation for explanation.
Type  H <return>  for immediate help.
 ...                                              
                                                  
l.2  * Classe de manipula√ß√£o 
                               de um livro
Your command was ignored.
Type  I <command> <return>  to replace it with another command,
or  <return>  to continue without it.


! Package inputenc Error: Keyboard character used is undefined
(inputenc)                in inputencoding `utf8'.

See the inputenc package documentation for explanation.
Type  H <return>  for immediate help.
 ...                                              
                                                  
l.2  * Classe de manipula√ß√£o 
                               de um livro
You need to provide a definition with \DeclareInputText 
or \DeclareInputMath before using this key.


! Package inputenc Error: Unicode char \u8:√\expandafter not set up for use wit
h LaTeX.

See the inputenc package documentation for explanation.
Type  H <return>  for immediate help.
 ...                                              
                                                  
l.47 			s=s.concat("T√≠tulo:
                             "+this.titulo+"\n");
Your command was ignored.
Type  I <command> <return>  to replace it with another command,
or  <return>  to continue without it.


! Package inputenc Error: Keyboard character used is undefined
(inputenc)                in inputencoding `utf8'.

See the inputenc package documentation for explanation.
Type  H <return>  for immediate help.
 ...                                              
                                                  
l.47 			s=s.concat("T√≠tulo:
                             "+this.titulo+"\n");
You need to provide a definition with \DeclareInputText 
or \DeclareInputMath before using this key.


! Package inputenc Error: Unicode char \u8:√\expandafter not set up for use wit
h LaTeX.

See the inputenc package documentation for explanation.
Type  H <return>  for immediate help.
 ...                                              
                                                  
l.51 			s=s.concat("Descri√ß√£o:
                                 "+this.desc+"\n");
Your command was ignored.
Type  I <command> <return>  to replace it with another command,
or  <return>  to continue without it.


! Package inputenc Error: Keyboard character used is undefined
(inputenc)                in inputencoding `utf8'.

See the inputenc package documentation for explanation.
Type  H <return>  for immediate help.
 ...                                              
                                                  
l.51 			s=s.concat("Descri√ß√£o:
                                 "+this.desc+"\n");
You need to provide a definition with \DeclareInputText 
or \DeclareInputMath before using this key.


! Package inputenc Error: Unicode char \u8:√\expandafter not set up for use wit
h LaTeX.

See the inputenc package documentation for explanation.
Type  H <return>  for immediate help.
 ...                                              
                                                  
l.51 			s=s.concat("Descri√ß√£o:
                                 "+this.desc+"\n");
Your command was ignored.
Type  I <command> <return>  to replace it with another command,
or  <return>  to continue without it.


! Package inputenc Error: Keyboard character used is undefined
(inputenc)                in inputencoding `utf8'.

See the inputenc package documentation for explanation.
Type  H <return>  for immediate help.
 ...                                              
                                                  
l.51 			s=s.concat("Descri√ß√£o:
                                 "+this.desc+"\n");
You need to provide a definition with \DeclareInputText 
or \DeclareInputMath before using this key.

 [27]) (../src/biblioteca/Menu.java

! Package inputenc Error: Unicode char \u8:√\expandafter not set up for use wit
h LaTeX.

See the inputenc package documentation for explanation.
Type  H <return>  for immediate help.
 ...                                              
                                                  
l.14 ... static String BookNotFound = "Livro n√£o 
                                                  encontrado";
Your command was ignored.
Type  I <command> <return>  to replace it with another command,
or  <return>  to continue without it.


! Package inputenc Error: Keyboard character used is undefined
(inputenc)                in inputencoding `utf8'.

See the inputenc package documentation for explanation.
Type  H <return>  for immediate help.
 ...                                              
                                                  
l.14 ... static String BookNotFound = "Livro n√£o 
                                                  encontrado";
You need to provide a definition with \DeclareInputText 
or \DeclareInputMath before using this key.

 [28]

! Package inputenc Error: Unicode char \u8:√\expandafter not set up for use wit
h LaTeX.

See the inputenc package documentation for explanation.
Type  H <return>  for immediate help.
 ...                                              
                                                  
l.57 					out="Senha inv√°lida!
                               \n";
Your command was ignored.
Type  I <command> <return>  to replace it with another command,
or  <return>  to continue without it.


! Package inputenc Error: Keyboard character used is undefined
(inputenc)                in inputencoding `utf8'.

See the inputenc package documentation for explanation.
Type  H <return>  for immediate help.
 ...                                              
                                                  
l.57 					out="Senha inv√°lida!
                               \n";
You need to provide a definition with \DeclareInputText 
or \DeclareInputMath before using this key.


! Package inputenc Error: Unicode char \u8:√\expandafter not set up for use wit
h LaTeX.

See the inputenc package documentation for explanation.
Type  H <return>  for immediate help.
 ...                                              
                                                  
l.72 				out="Op√ß√£o 
                      inv√°lida!\n";/*oops, opcao invalida*/
Your command was ignored.
Type  I <command> <return>  to replace it with another command,
or  <return>  to continue without it.


! Package inputenc Error: Keyboard character used is undefined
(inputenc)                in inputencoding `utf8'.

See the inputenc package documentation for explanation.
Type  H <return>  for immediate help.
 ...                                              
                                                  
l.72 				out="Op√ß√£o 
                      inv√°lida!\n";/*oops, opcao invalida*/
You need to provide a definition with \DeclareInputText 
or \DeclareInputMath before using this key.


! Package inputenc Error: Unicode char \u8:√\expandafter not set up for use wit
h LaTeX.

See the inputenc package documentation for explanation.
Type  H <return>  for immediate help.
 ...                                              
                                                  
l.72 				out="Op√ß√£o 
                      inv√°lida!\n";/*oops, opcao invalida*/
Your command was ignored.
Type  I <command> <return>  to replace it with another command,
or  <return>  to continue without it.


! Package inputenc Error: Keyboard character used is undefined
(inputenc)                in inputencoding `utf8'.

See the inputenc package documentation for explanation.
Type  H <return>  for immediate help.
 ...                                              
                                                  
l.72 				out="Op√ß√£o 
                      inv√°lida!\n";/*oops, opcao invalida*/
You need to provide a definition with \DeclareInputText 
or \DeclareInputMath before using this key.


! Package inputenc Error: Unicode char \u8:√\expandafter not set up for use wit
h LaTeX.

See the inputenc package documentation for explanation.
Type  H <return>  for immediate help.
 ...                                              
                                                  
l.72 				out="Op√ß√£o inv√°lida!
                                \n";/*oops, opcao invalida*/
Your command was ignored.
Type  I <command> <return>  to replace it with another command,
or  <return>  to continue without it.


! Package inputenc Error: Keyboard character used is undefined
(inputenc)                in inputencoding `utf8'.

See the inputenc package documentation for explanation.
Type  H <return>  for immediate help.
 ...                                              
                                                  
l.72 				out="Op√ß√£o inv√°lida!
                                \n";/*oops, opcao invalida*/
You need to provide a definition with \DeclareInputText 
or \DeclareInputMath before using this key.

) [29] (../src/biblioteca/Usuario.java) (../src/server/Server.java [30]) (../sr
c/client/Client.java [31]) (../src/client/Tester.java [32]) [33] (./relatorio.a
ux
! Missing \endcsname inserted.
<to be read again> 
                   \protect 
l.82 ...Vars.java}\relax }{subsubsection.5.1.1}{}}
                                                  
The control sequence marked <to be read again> should
not appear between \csname and \endcsname.

! Extra \endcsname.
<recently read> \endcsname 
                           
l.82 ...Vars.java}\relax }{subsubsection.5.1.1}{}}
                                                  
I'm ignoring this, since I wasn't doing a \csname.

! Missing \endcsname inserted.
<to be read again> 
                   \protect 
l.85 ...nOut.java}\relax }{subsubsection.5.1.2}{}}
                                                  
The control sequence marked <to be read again> should
not appear between \csname and \endcsname.

! Extra \endcsname.
<recently read> \endcsname 
                           
l.85 ...nOut.java}\relax }{subsubsection.5.1.2}{}}
                                                  
I'm ignoring this, since I wasn't doing a \csname.

! Missing \endcsname inserted.
<to be read again> 
                   \protect 
l.88 ...empo.java}\relax }{subsubsection.5.1.3}{}}
                                                  
The control sequence marked <to be read again> should
not appear between \csname and \endcsname.

! Extra \endcsname.
<recently read> \endcsname 
                           
l.88 ...empo.java}\relax }{subsubsection.5.1.3}{}}
                                                  
I'm ignoring this, since I wasn't doing a \csname.

! Missing \endcsname inserted.
<to be read again> 
                   \protect 
l.92 ...teca.java}\relax }{subsubsection.5.2.1}{}}
                                                  
The control sequence marked <to be read again> should
not appear between \csname and \endcsname.

! Extra \endcsname.
<recently read> \endcsname 
                           
l.92 ...teca.java}\relax }{subsubsection.5.2.1}{}}
                                                  
I'm ignoring this, since I wasn't doing a \csname.

! Missing \endcsname inserted.
<to be read again> 
                   \protect 
l.95 ...Impl.java}\relax }{subsubsection.5.2.2}{}}
                                                  
The control sequence marked <to be read again> should
not appear between \csname and \endcsname.

! Extra \endcsname.
<recently read> \endcsname 
                           
l.95 ...Impl.java}\relax }{subsubsection.5.2.2}{}}
                                                  
I'm ignoring this, since I wasn't doing a \csname.

! Missing \endcsname inserted.
<to be read again> 
                   \protect 
l.98 ...ivro.java}\relax }{subsubsection.5.2.3}{}}
                                                  
The control sequence marked <to be read again> should
not appear between \csname and \endcsname.

! Extra \endcsname.
<recently read> \endcsname 
                           
l.98 ...ivro.java}\relax }{subsubsection.5.2.3}{}}
                                                  
I'm ignoring this, since I wasn't doing a \csname.

! Missing \endcsname inserted.
<to be read again> 
                   \protect 
l.101 ...enu.java}\relax }{subsubsection.5.2.4}{}}
                                                  
The control sequence marked <to be read again> should
not appear between \csname and \endcsname.

! Extra \endcsname.
<recently read> \endcsname 
                           
l.101 ...enu.java}\relax }{subsubsection.5.2.4}{}}
                                                  
I'm ignoring this, since I wasn't doing a \csname.

! Missing \endcsname inserted.
<to be read again> 
                   \protect 
l.104 ...rio.java}\relax }{subsubsection.5.2.5}{}}
                                                  
The control sequence marked <to be read again> should
not appear between \csname and \endcsname.

! Extra \endcsname.
<recently read> \endcsname 
                           
l.104 ...rio.java}\relax }{subsubsection.5.2.5}{}}
                                                  
I'm ignoring this, since I wasn't doing a \csname.

! Missing \endcsname inserted.
<to be read again> 
                   \protect 
l.108 ...ver.java}\relax }{subsubsection.5.3.1}{}}
                                                  
The control sequence marked <to be read again> should
not appear between \csname and \endcsname.

! Extra \endcsname.
<recently read> \endcsname 
                           
l.108 ...ver.java}\relax }{subsubsection.5.3.1}{}}
                                                  
I'm ignoring this, since I wasn't doing a \csname.

! Missing \endcsname inserted.
<to be read again> 
                   \protect 
l.112 ...ent.java}\relax }{subsubsection.5.4.1}{}}
                                                  
The control sequence marked <to be read again> should
not appear between \csname and \endcsname.

! Extra \endcsname.
<recently read> \endcsname 
                           
l.112 ...ent.java}\relax }{subsubsection.5.4.1}{}}
                                                  
I'm ignoring this, since I wasn't doing a \csname.

! Missing \endcsname inserted.
<to be read again> 
                   \protect 
l.115 ...ter.java}\relax }{subsubsection.5.4.2}{}}
                                                  
The control sequence marked <to be read again> should
not appear between \csname and \endcsname.

! Extra \endcsname.
<recently read> \endcsname 
                           
l.115 ...ter.java}\relax }{subsubsection.5.4.2}{}}
                                                  
I'm ignoring this, since I wasn't doing a \csname.

)

LaTeX Warning: There were undefined references.


LaTeX Warning: There were multiply-defined labels.

 ) 
Here is how much of TeX's memory you used:
 7693 strings out of 256216
 104059 string characters out of 1917072
 308685 words of memory out of 1500000
 9801 multiletter control sequences out of 10000+200000
 13764 words of font info for 52 fonts, out of 1200000 for 2000
 645 hyphenation exceptions out of 8191
 43i,13n,42p,388b,1864s stack positions out of 5000i,500n,6000p,200000b,15000s
</usr/share/texmf/fonts/type1/bluesky/cm/cmbx10.pfb></usr/share/texmf/fonts/t
ype1/bluesky/cm/cmbx12.pfb></usr/share/texmf/fonts/type1/bluesky/cm/cmbx8.pfb><
/usr/share/texmf/fonts/type1/bluesky/cm/cmbxti10.pfb></usr/share/texmf/fonts/ty
pe1/bluesky/cm/cmex10.pfb></usr/share/texmf/fonts/type1/bluesky/cm/cmmi10.pfb><
/usr/share/texmf/fonts/type1/bluesky/cm/cmmi7.pfb></usr/share/texmf/fonts/type1
/bluesky/cm/cmmi8.pfb></usr/share/texmf/fonts/type1/bluesky/cm/cmr10.pfb></usr/
share/texmf/fonts/type1/bluesky/cm/cmr12.pfb></usr/share/texmf/fonts/type1/blue
sky/cm/cmr17.pfb></usr/share/texmf/fonts/type1/bluesky/cm/cmr5.pfb></usr/share/
texmf/fonts/type1/bluesky/cm/cmr6.pfb></usr/share/texmf/fonts/type1/bluesky/cm/
cmr7.pfb></usr/share/texmf/fonts/type1/bluesky/cm/cmr8.pfb></usr/share/texmf/fo
nts/type1/bluesky/cm/cmsy10.pfb></usr/share/texmf/fonts/type1/bluesky/cm/cmsy8.
pfb></usr/share/texmf/fonts/type1/bluesky/cm/cmti10.pfb></usr/share/texmf/fonts
/type1/bluesky/cm/cmti8.pfb></usr/share/texmf/fonts/type1/bluesky/cm/cmtt8.pfb>
Output written on relatorio.pdf (33 pages, 520708 bytes).
PDF statistics:
 1542 PDF objects out of 1728 (max. 8388607)
 977 named destinations out of 1000 (max. 131072)
 298 words of extra memory for PDF output out of 10000 (max. 10000000)

